Determining if the pthread_create exist failed with the following output:
Change Dir: /home/milt/catkin_ws_kinetic/src/joint_states_listener/build/CMakeFiles/CMakeTmp

Run Build Command:"/usr/bin/make" "cmTC_c588b/fast"
make[1]: Entering directory '/home/milt/catkin_ws_kinetic/src/joint_states_listener/build/CMakeFiles/CMakeTmp'
/usr/bin/make -f CMakeFiles/cmTC_c588b.dir/build.make CMakeFiles/cmTC_c588b.dir/build
make[2]: Entering directory '/home/milt/catkin_ws_kinetic/src/joint_states_listener/build/CMakeFiles/CMakeTmp'
Building C object CMakeFiles/cmTC_c588b.dir/CheckSymbolExists.c.o
/usr/bin/cc     -o CMakeFiles/cmTC_c588b.dir/CheckSymbolExists.c.o   -c /home/milt/catkin_ws_kinetic/src/joint_states_listener/build/CMakeFiles/CMakeTmp/CheckSymbolExists.c
Linking C executable cmTC_c588b
/usr/bin/cmake -E cmake_link_script CMakeFiles/cmTC_c588b.dir/link.txt --verbose=1
/usr/bin/cc       CMakeFiles/cmTC_c588b.dir/CheckSymbolExists.c.o  -o cmTC_c588b -rdynamic 
CMakeFiles/cmTC_c588b.dir/CheckSymbolExists.c.o: In function `main':
CheckSymbolExists.c:(.text+0x16): undefined reference to `pthread_create'
collect2: error: ld returned 1 exit status
CMakeFiles/cmTC_c588b.dir/build.make:97: recipe for target 'cmTC_c588b' failed
make[2]: *** [cmTC_c588b] Error 1
make[2]: Leaving directory '/home/milt/catkin_ws_kinetic/src/joint_states_listener/build/CMakeFiles/CMakeTmp'
Makefile:126: recipe for target 'cmTC_c588b/fast' failed
make[1]: *** [cmTC_c588b/fast] Error 2
make[1]: Leaving directory '/home/milt/catkin_ws_kinetic/src/joint_states_listener/build/CMakeFiles/CMakeTmp'

File /home/milt/catkin_ws_kinetic/src/joint_states_listener/build/CMakeFiles/CMakeTmp/CheckSymbolExists.c:
/* */
#include <pthread.h>

int main(int argc, char** argv)
{
  (void)argv;
#ifndef pthread_create
  return ((int*)(&pthread_create))[argc];
#else
  (void)argc;
  return 0;
#endif
}

Determining if the function pthread_create exists in the pthreads failed with the following output:
Change Dir: /home/milt/catkin_ws_kinetic/src/joint_states_listener/build/CMakeFiles/CMakeTmp

Run Build Command:"/usr/bin/make" "cmTC_d7b2f/fast"
make[1]: Entering directory '/home/milt/catkin_ws_kinetic/src/joint_states_listener/build/CMakeFiles/CMakeTmp'
/usr/bin/make -f CMakeFiles/cmTC_d7b2f.dir/build.make CMakeFiles/cmTC_d7b2f.dir/build
make[2]: Entering directory '/home/milt/catkin_ws_kinetic/src/joint_states_listener/build/CMakeFiles/CMakeTmp'
Building C object CMakeFiles/cmTC_d7b2f.dir/CheckFunctionExists.c.o
/usr/bin/cc    -DCHECK_FUNCTION_EXISTS=pthread_create   -o CMakeFiles/cmTC_d7b2f.dir/CheckFunctionExists.c.o   -c /usr/share/cmake-3.5/Modules/CheckFunctionExists.c
Linking C executable cmTC_d7b2f
/usr/bin/cmake -E cmake_link_script CMakeFiles/cmTC_d7b2f.dir/link.txt --verbose=1
/usr/bin/cc   -DCHECK_FUNCTION_EXISTS=pthread_create    CMakeFiles/cmTC_d7b2f.dir/CheckFunctionExists.c.o  -o cmTC_d7b2f -rdynamic -lpthreads 
/usr/bin/ld: cannot find -lpthreads
collect2: error: ld returned 1 exit status
CMakeFiles/cmTC_d7b2f.dir/build.make:97: recipe for target 'cmTC_d7b2f' failed
make[2]: *** [cmTC_d7b2f] Error 1
make[2]: Leaving directory '/home/milt/catkin_ws_kinetic/src/joint_states_listener/build/CMakeFiles/CMakeTmp'
Makefile:126: recipe for target 'cmTC_d7b2f/fast' failed
make[1]: *** [cmTC_d7b2f/fast] Error 2
make[1]: Leaving directory '/home/milt/catkin_ws_kinetic/src/joint_states_listener/build/CMakeFiles/CMakeTmp'


